Using pre-set license
Built from '2022.1/staging' branch; Version is '2022.1.8f1 (2961e8c2b463) revision 2712040'; Using compiler version '192829333'; Build Type 'Release'
OS: 'Windows 10  (10.0.19044) 64bit Core' Language: 'en' Physical Memory: 24317 MB
BatchMode: 1, IsHumanControllingUs: 0, StartBugReporterOnCrash: 0, Is64bit: 1, IsPro: 1

COMMAND LINE ARGUMENTS:
Y:\Program Files\Unity\Hub\Editor\2022.1.8f1\Editor\Unity.exe
-adb2
-batchMode
-noUpm
-name
AssetImportWorker8
-projectPath
X:/A3.Repo/Assignment3
-logFile
Logs/AssetImportWorker8.log
-srvPort
50584
Successfully changed project path to: X:/A3.Repo/Assignment3
X:/A3.Repo/Assignment3
[UnityMemory] Configuration Parameters - Can be set up in boot.config
    "memorysetup-bucket-allocator-granularity=16"
    "memorysetup-bucket-allocator-bucket-count=8"
    "memorysetup-bucket-allocator-block-size=33554432"
    "memorysetup-bucket-allocator-block-count=8"
    "memorysetup-main-allocator-block-size=16777216"
    "memorysetup-thread-allocator-block-size=16777216"
    "memorysetup-gfx-main-allocator-block-size=16777216"
    "memorysetup-gfx-thread-allocator-block-size=16777216"
    "memorysetup-cache-allocator-block-size=4194304"
    "memorysetup-typetree-allocator-block-size=2097152"
    "memorysetup-profiler-bucket-allocator-granularity=16"
    "memorysetup-profiler-bucket-allocator-bucket-count=8"
    "memorysetup-profiler-bucket-allocator-block-size=33554432"
    "memorysetup-profiler-bucket-allocator-block-count=8"
    "memorysetup-profiler-allocator-block-size=16777216"
    "memorysetup-profiler-editor-allocator-block-size=1048576"
    "memorysetup-temp-allocator-size-main=16777216"
    "memorysetup-job-temp-allocator-block-size=2097152"
    "memorysetup-job-temp-allocator-block-size-background=1048576"
    "memorysetup-job-temp-allocator-reduction-small-platforms=262144"
    "memorysetup-temp-allocator-size-background-worker=32768"
    "memorysetup-temp-allocator-size-job-worker=262144"
    "memorysetup-temp-allocator-size-preload-manager=33554432"
    "memorysetup-temp-allocator-size-nav-mesh-worker=65536"
    "memorysetup-temp-allocator-size-audio-worker=65536"
    "memorysetup-temp-allocator-size-cloud-worker=32768"
    "memorysetup-temp-allocator-size-gi-baking-worker=262144"
    "memorysetup-temp-allocator-size-gfx=262144"
Refreshing native plugins compatible for Editor in 90.28 ms, found 4 plugins.
Preloading 0 native plugins for Editor in 0.00 ms.
Initialize engine version: 2022.1.8f1 (2961e8c2b463)
[Subsystems] Discovering subsystems at path Y:/Program Files/Unity/Hub/Editor/2022.1.8f1/Editor/Data/Resources/UnitySubsystems
[Subsystems] Discovering subsystems at path X:/A3.Repo/Assignment3/Assets
GfxDevice: creating device client; threaded=0; jobified=0
Direct3D:
    Version:  Direct3D 11.0 [level 11.1]
    Renderer: NVIDIA GeForce RTX 3070 Ti (ID=0x2482)
    Vendor:   NVIDIA
    VRAM:     8042 MB
    Driver:   31.0.15.1659
Initialize mono
Mono path[0] = 'Y:/Program Files/Unity/Hub/Editor/2022.1.8f1/Editor/Data/Managed'
Mono path[1] = 'Y:/Program Files/Unity/Hub/Editor/2022.1.8f1/Editor/Data/MonoBleedingEdge/lib/mono/unityjit-win32'
Mono config path = 'Y:/Program Files/Unity/Hub/Editor/2022.1.8f1/Editor/Data/MonoBleedingEdge/etc'
Using monoOptions --debugger-agent=transport=dt_socket,embedding=1,server=y,suspend=n,address=127.0.0.1:56132
Begin MonoManager ReloadAssembly
Registering precompiled unity dll's ...
Register platform support module: Y:/Program Files/Unity/Hub/Editor/2022.1.8f1/Editor/Data/PlaybackEngines/WindowsStandaloneSupport/UnityEditor.WindowsStandalone.Extensions.dll
Registered in 0.006400 seconds.
Native extension for WindowsStandalone target not found
Refreshing native plugins compatible for Editor in 87.51 ms, found 4 plugins.
Preloading 0 native plugins for Editor in 0.00 ms.
Mono: successfully reloaded assembly
- Completed reload, in  0.666 seconds
Domain Reload Profiling:
	ReloadAssembly (666ms)
		BeginReloadAssembly (61ms)
			ExecutionOrderSort (0ms)
			DisableScriptedObjects (0ms)
			BackupInstance (0ms)
			ReleaseScriptingObjects (0ms)
			CreateAndSetChildDomain (0ms)
		EndReloadAssembly (491ms)
			LoadAssemblies (60ms)
			RebuildTransferFunctionScriptingTraits (0ms)
			SetupTypeCache (110ms)
				TypeCache.Initialize (110ms)
					TypeCache.ScanAssembly (108ms)
				ResolveRequiredComponents (1ms)
			ReleaseScriptCaches (0ms)
			RebuildScriptCaches (29ms)
			SetupLoadedEditorAssemblies (296ms)
				LogAssemblyErrors (0ms)
				InitializePlatformSupportModulesInManaged (8ms)
				SetLoadedEditorAssemblies (7ms)
				RefreshPlugins (88ms)
				BeforeProcessingInitializeOnLoad (1ms)
				ProcessInitializeOnLoadAttributes (143ms)
				ProcessInitializeOnLoadMethodAttributes (48ms)
				AfterProcessingInitializeOnLoad (0ms)
				EditorAssembliesLoaded (0ms)
			ExecutionOrderSort2 (0ms)
			AwakeInstancesAfterBackupRestoration (0ms)
Platform modules already initialized, skipping
Registering precompiled user dll's ...
Registered in 0.007647 seconds.
Begin MonoManager ReloadAssembly
Native extension for WindowsStandalone target not found
Refreshing native plugins compatible for Editor in 83.61 ms, found 4 plugins.
Preloading 0 native plugins for Editor in 0.00 ms.
Mono: successfully reloaded assembly
- Completed reload, in  1.127 seconds
Domain Reload Profiling:
	ReloadAssembly (1128ms)
		BeginReloadAssembly (103ms)
			ExecutionOrderSort (0ms)
			DisableScriptedObjects (6ms)
			BackupInstance (0ms)
			ReleaseScriptingObjects (0ms)
			CreateAndSetChildDomain (18ms)
		EndReloadAssembly (912ms)
			LoadAssemblies (79ms)
			RebuildTransferFunctionScriptingTraits (0ms)
			SetupTypeCache (236ms)
				TypeCache.Initialize (231ms)
					TypeCache.ScanAssembly (228ms)
				ResolveRequiredComponents (5ms)
			ReleaseScriptCaches (1ms)
			RebuildScriptCaches (58ms)
			SetupLoadedEditorAssemblies (473ms)
				LogAssemblyErrors (0ms)
				InitializePlatformSupportModulesInManaged (4ms)
				SetLoadedEditorAssemblies (6ms)
				RefreshPlugins (84ms)
				BeforeProcessingInitializeOnLoad (87ms)
				ProcessInitializeOnLoadAttributes (246ms)
				ProcessInitializeOnLoadMethodAttributes (39ms)
				AfterProcessingInitializeOnLoad (6ms)
				EditorAssembliesLoaded (0ms)
			ExecutionOrderSort2 (0ms)
			AwakeInstancesAfterBackupRestoration (8ms)
Platform modules already initialized, skipping
========================================================================
Worker process is ready to serve import requests
Launched and connected shader compiler UnityShaderCompiler.exe after 0.04 seconds
Refreshing native plugins compatible for Editor in 0.51 ms, found 4 plugins.
Preloading 0 native plugins for Editor in 0.00 ms.
Unloading 4081 Unused Serialized files (Serialized files now loaded: 0)
Unloading 39 unused Assets / (57.9 KB). Loaded Objects now: 4538.
Memory consumption went from 0.62 GB to 0.62 GB.
Total: 2.098600 ms (FindLiveObjects: 0.201900 ms CreateObjectMapping: 0.082500 ms MarkObjects: 1.763800 ms  DeleteObjects: 0.049400 ms)

AssetImportParameters requested are different than current active one (requested -> active):
  custom:video-decoder-ogg-theora: a1e56fd34408186e4bbccfd4996cb3dc -> 
  custom:container-muxer-webm: aa71ff27fc2769a1b78a27578f13a17b -> 
  custom:container-demuxer-webm: 4f35f7cbe854078d1ac9338744f61a02 -> 
  custom:video-encoder-webm-vp8: eb34c28f22e8b96e1ab97ce403110664 -> 
  custom:video-codec-MediaFoundation-h265: e54d7ab0439102e2317fc1e4b246158d -> 
  custom:audio-encoder-webm-vorbis: bf7c407c2cedff20999df2af8eb42d56 -> 
  custom:framework-win-MediaFoundation: 216162199b28c13a410421893ffa2e32 -> 
  custom:container-demuxer-ogg: 62fdf1f143b41e24485cea50d1cbac27 -> 
  custom:video-decoder-webm-vp8: 9c59270c3fd7afecdb556c50c9e8de78 -> 
  custom:audio-decoder-ogg-vorbis: bf7c407c2cedff20999df2af8eb42d56 -> 
========================================================================
Received Import Request.
  Time since last request: 3678.854455 seconds.
  path: Assets/Sprites/Map_1.asset
  artifactKey: Guid(481e960323d78a845961a0992c384556) Importer(815301076,1909f56bfc062723c751e8b465ee728b)
Start importing Assets/Sprites/Map_1.asset using Guid(481e960323d78a845961a0992c384556) Importer(815301076,1909f56bfc062723c751e8b465ee728b)  -> (artifact id: '4b305efa0056f72ab0244663d630014c') in 0.087007 seconds 
========================================================================
Received Import Request.
  Time since last request: 0.000026 seconds.
  path: Assets/Sprites/Map_9.asset
  artifactKey: Guid(63565d2b2a9eac1459113c3083a2e705) Importer(815301076,1909f56bfc062723c751e8b465ee728b)
Start importing Assets/Sprites/Map_9.asset using Guid(63565d2b2a9eac1459113c3083a2e705) Importer(815301076,1909f56bfc062723c751e8b465ee728b)  -> (artifact id: '61346111dcf21f1baee0278aa2a9f6e2') in 0.013040 seconds 
========================================================================
Received Import Request.
  Time since last request: 537.444327 seconds.
  path: Assets
  artifactKey: Guid(00000000000000001000000000000000) Importer(815301076,1909f56bfc062723c751e8b465ee728b)
Start importing Assets using Guid(00000000000000001000000000000000) Importer(815301076,1909f56bfc062723c751e8b465ee728b)  -> (artifact id: '643dbe22ecb75e7bba7c4df53f6b1cbf') in 0.007320 seconds 
========================================================================
Received Import Request.
  Time since last request: 7.351314 seconds.
  path: Assets/Prefab
  artifactKey: Guid(6bc1440af1fba4d4d8cd60dc37ce710a) Importer(815301076,1909f56bfc062723c751e8b465ee728b)
Start importing Assets/Prefab using Guid(6bc1440af1fba4d4d8cd60dc37ce710a) Importer(815301076,1909f56bfc062723c751e8b465ee728b)  -> (artifact id: 'edee73a321878170c4ca2e6ccc69c0b8') in 0.005252 seconds 
========================================================================
Received Import Request.
  Time since last request: 2.161411 seconds.
  path: Assets/Prefab/Node.prefab
  artifactKey: Guid(0b08d3a6a70a6804bb9d2dd23941fd96) Importer(815301076,1909f56bfc062723c751e8b465ee728b)
Start importing Assets/Prefab/Node.prefab using Guid(0b08d3a6a70a6804bb9d2dd23941fd96) Importer(815301076,1909f56bfc062723c751e8b465ee728b)  -> (artifact id: '37649f27e9646c39c965f8ac1fda9cf4') in 0.029843 seconds 
========================================================================
Received Import Request.
  Time since last request: 26.611532 seconds.
  path: Assets/Tiles
  artifactKey: Guid(b742a9ad2b2b3e24db29e1573ee61ad4) Importer(815301076,1909f56bfc062723c751e8b465ee728b)
Start importing Assets/Tiles using Guid(b742a9ad2b2b3e24db29e1573ee61ad4) Importer(815301076,1909f56bfc062723c751e8b465ee728b)  -> (artifact id: 'ff691738cfb2f97877be497767433eaa') in 0.006090 seconds 
========================================================================
Received Import Request.
  Time since last request: 0.033121 seconds.
  path: Assets/Tiles/Map v3.prefab
  artifactKey: Guid(0073ec391342d0b4698a599431b1e612) Importer(815301076,1909f56bfc062723c751e8b465ee728b)
Start importing Assets/Tiles/Map v3.prefab using Guid(0073ec391342d0b4698a599431b1e612) Importer(815301076,1909f56bfc062723c751e8b465ee728b)  -> (artifact id: '394acf2c75f6fd99db41f14831aed93e') in 0.084371 seconds 
========================================================================
Received Import Request.
  Time since last request: 0.000021 seconds.
  path: Assets/Tiles/Map_4.asset
  artifactKey: Guid(dc4fb4310d8ffd94183324047d162681) Importer(815301076,1909f56bfc062723c751e8b465ee728b)
Start importing Assets/Tiles/Map_4.asset using Guid(dc4fb4310d8ffd94183324047d162681) Importer(815301076,1909f56bfc062723c751e8b465ee728b)  -> (artifact id: '0a87664bd8f95c70d54d195c370e76d3') in 0.009513 seconds 
========================================================================
Received Import Request.
  Time since last request: 0.000027 seconds.
  path: Assets/Tiles/Map_7.asset
  artifactKey: Guid(762b570edf39a6045800720fce38806a) Importer(815301076,1909f56bfc062723c751e8b465ee728b)
Start importing Assets/Tiles/Map_7.asset using Guid(762b570edf39a6045800720fce38806a) Importer(815301076,1909f56bfc062723c751e8b465ee728b)  -> (artifact id: 'd0fa685a24b9f536428a13cdc99dbb9c') in 0.008545 seconds 
========================================================================
Received Import Request.
  Time since last request: 36.855614 seconds.
  path: Assets/Tiles/Rectangular Palette.prefab
  artifactKey: Guid(b098b84554e61374ca9e224a41e50662) Importer(815301076,1909f56bfc062723c751e8b465ee728b)
Start importing Assets/Tiles/Rectangular Palette.prefab using Guid(b098b84554e61374ca9e224a41e50662) Importer(815301076,1909f56bfc062723c751e8b465ee728b)  -> (artifact id: '50ff3745a1504a96e2f00984451e3606') in 0.011189 seconds 
========================================================================
Received Import Request.
  Time since last request: 11.636541 seconds.
  path: Assets/Tiles/msp.prefab
  artifactKey: Guid(96fc61304a872974fa88a9551b9f944e) Importer(815301076,1909f56bfc062723c751e8b465ee728b)
Start importing Assets/Tiles/msp.prefab using Guid(96fc61304a872974fa88a9551b9f944e) Importer(815301076,1909f56bfc062723c751e8b465ee728b)  -> (artifact id: 'f95c605900366be5a9083a24c96267a6') in 0.029039 seconds 
========================================================================
Received Import Request.
  Time since last request: 12.425725 seconds.
  path: Assets/Tiles/map.prefab
  artifactKey: Guid(96fc61304a872974fa88a9551b9f944e) Importer(815301076,1909f56bfc062723c751e8b465ee728b)
Start importing Assets/Tiles/map.prefab using Guid(96fc61304a872974fa88a9551b9f944e) Importer(815301076,1909f56bfc062723c751e8b465ee728b)  -> (artifact id: '633b213218ce5f6debedd382d3062a2d') in 0.023373 seconds 
========================================================================
Received Import Request.
  Time since last request: 8.251042 seconds.
  path: Assets/Tiles/New Rule Tile.asset
  artifactKey: Guid(1345643f91f7ac64aa97f4990a7f2d59) Importer(815301076,1909f56bfc062723c751e8b465ee728b)
Start importing Assets/Tiles/New Rule Tile.asset using Guid(1345643f91f7ac64aa97f4990a7f2d59) Importer(815301076,1909f56bfc062723c751e8b465ee728b)  -> (artifact id: 'c731eac4bed03bb13e0bfdaeac1a3484') in 0.021333 seconds 
========================================================================
Received Import Request.
  Time since last request: 7.954286 seconds.
  path: Assets/Tiles/Extra.asset
  artifactKey: Guid(1345643f91f7ac64aa97f4990a7f2d59) Importer(815301076,1909f56bfc062723c751e8b465ee728b)
Start importing Assets/Tiles/Extra.asset using Guid(1345643f91f7ac64aa97f4990a7f2d59) Importer(815301076,1909f56bfc062723c751e8b465ee728b)  -> (artifact id: '667c927f5632ceb4097c3303663c6969') in 0.007521 seconds 
========================================================================
Received Import Request.
  Time since last request: 36.358610 seconds.
  path: Assets/Tiles/Extra_Tile.asset
  artifactKey: Guid(1345643f91f7ac64aa97f4990a7f2d59) Importer(815301076,1909f56bfc062723c751e8b465ee728b)
Start importing Assets/Tiles/Extra_Tile.asset using Guid(1345643f91f7ac64aa97f4990a7f2d59) Importer(815301076,1909f56bfc062723c751e8b465ee728b)  -> (artifact id: '60bba4f15d5516c1c48701b8e1a104b0') in 0.008322 seconds 
========================================================================
Received Import Request.
  Time since last request: 55.301787 seconds.
  path: Assets/Sprites/Ghost1.png
  artifactKey: Guid(1aa456a4752e6064e99090b237607768) Importer(815301076,1909f56bfc062723c751e8b465ee728b)
Start importing Assets/Sprites/Ghost1.png using Guid(1aa456a4752e6064e99090b237607768) Importer(815301076,1909f56bfc062723c751e8b465ee728b)  -> (artifact id: 'c2ad4721f2e84e589832847b60af42a6') in 0.101037 seconds 
========================================================================
Received Import Request.
  Time since last request: 8.352627 seconds.
  path: Assets/Sprites/Ghost1.png
  artifactKey: Guid(1aa456a4752e6064e99090b237607768) Importer(815301076,1909f56bfc062723c751e8b465ee728b)
Start importing Assets/Sprites/Ghost1.png using Guid(1aa456a4752e6064e99090b237607768) Importer(815301076,1909f56bfc062723c751e8b465ee728b)  -> (artifact id: '07850a932b6682c84e6a6416dceff3a9') in 0.052107 seconds 
========================================================================
Received Import Request.
  Time since last request: 1255.600405 seconds.
  path: Assets/Sprites/Normal Pellet.png
  artifactKey: Guid(918863ae45f18614293ae2e45862d680) Importer(815301076,1909f56bfc062723c751e8b465ee728b)
Start importing Assets/Sprites/Normal Pellet.png using Guid(918863ae45f18614293ae2e45862d680) Importer(815301076,1909f56bfc062723c751e8b465ee728b)  -> (artifact id: '5fd8793ae8049f215972f287ec881bec') in 1.114251 seconds 
========================================================================
Received Import Request.
  Time since last request: 42.775655 seconds.
  path: Assets/Prefab/Pellets.prefab
  artifactKey: Guid(6fc653fcb76c00041aed220683eec3f3) Importer(815301076,1909f56bfc062723c751e8b465ee728b)
Start importing Assets/Prefab/Pellets.prefab using Guid(6fc653fcb76c00041aed220683eec3f3) Importer(815301076,1909f56bfc062723c751e8b465ee728b)  -> (artifact id: '13b4ef78fbe6ab5d245f90d0d3297603') in 0.027330 seconds 
========================================================================
Received Import Request.
  Time since last request: 43.835830 seconds.
  path: Assets/Prefab/Power Pellet.prefab
  artifactKey: Guid(1d9286f826c334341aa9b2dd3be5123d) Importer(815301076,1909f56bfc062723c751e8b465ee728b)
Start importing Assets/Prefab/Power Pellet.prefab using Guid(1d9286f826c334341aa9b2dd3be5123d) Importer(815301076,1909f56bfc062723c751e8b465ee728b)  -> (artifact id: 'b5a4bc6a05e5ed0dddf387466e396e64') in 0.015937 seconds 
========================================================================
Received Import Request.
  Time since last request: 71.537815 seconds.
  path: Assets/Sprites/New Rule Tile.asset
  artifactKey: Guid(c694c9b7fe311bd4894863b092c07795) Importer(815301076,1909f56bfc062723c751e8b465ee728b)
Start importing Assets/Sprites/New Rule Tile.asset using Guid(c694c9b7fe311bd4894863b092c07795) Importer(815301076,1909f56bfc062723c751e8b465ee728b)  -> (artifact id: '04eb7d70df45cc7f9599aa5b1ae0ebb0') in 0.005895 seconds 
========================================================================
Received Import Request.
  Time since last request: 18.228426 seconds.
  path: Assets/Sprites/Pellet Tile.asset
  artifactKey: Guid(c694c9b7fe311bd4894863b092c07795) Importer(815301076,1909f56bfc062723c751e8b465ee728b)
Start importing Assets/Sprites/Pellet Tile.asset using Guid(c694c9b7fe311bd4894863b092c07795) Importer(815301076,1909f56bfc062723c751e8b465ee728b)  -> (artifact id: '6cc6cfc95f7ec0a14e9011c831018878') in 0.008239 seconds 
========================================================================
Received Import Request.
  Time since last request: 104.684864 seconds.
  path: Assets/Prefab/New Rule Tile.asset
  artifactKey: Guid(7284e8376874ed847808dc57f5ba26b5) Importer(815301076,1909f56bfc062723c751e8b465ee728b)
Start importing Assets/Prefab/New Rule Tile.asset using Guid(7284e8376874ed847808dc57f5ba26b5) Importer(815301076,1909f56bfc062723c751e8b465ee728b)  -> (artifact id: '3daea2cbef5754b4abc01a3dede0429a') in 0.005470 seconds 
========================================================================
Received Import Request.
  Time since last request: 7.489315 seconds.
  path: Assets/Prefab/Power Pellet TIle.asset
  artifactKey: Guid(7284e8376874ed847808dc57f5ba26b5) Importer(815301076,1909f56bfc062723c751e8b465ee728b)
Start importing Assets/Prefab/Power Pellet TIle.asset using Guid(7284e8376874ed847808dc57f5ba26b5) Importer(815301076,1909f56bfc062723c751e8b465ee728b)  -> (artifact id: 'adb999a9a9ab64655f3d497dffd75280') in 0.007952 seconds 
========================================================================
Received Import Request.
  Time since last request: 11.178009 seconds.
  path: Assets/Prefab/Pellet Tile.asset
  artifactKey: Guid(c694c9b7fe311bd4894863b092c07795) Importer(815301076,1909f56bfc062723c751e8b465ee728b)
Start importing Assets/Prefab/Pellet Tile.asset using Guid(c694c9b7fe311bd4894863b092c07795) Importer(815301076,1909f56bfc062723c751e8b465ee728b)  -> (artifact id: 'cef81a0c8556a5cca0d42b99d7bdb444') in 0.005283 seconds 
========================================================================
Received Import Request.
  Time since last request: 125.163718 seconds.
  path: Assets/Sprites/Normal Pellet.png
  artifactKey: Guid(918863ae45f18614293ae2e45862d680) Importer(815301076,1909f56bfc062723c751e8b465ee728b)
Start importing Assets/Sprites/Normal Pellet.png using Guid(918863ae45f18614293ae2e45862d680) Importer(815301076,1909f56bfc062723c751e8b465ee728b)  -> (artifact id: 'bb43592f386186d1373d430008a80d5c') in 0.027506 seconds 
